This file contains any messages produced by compilers while
running configure, to aid debugging if configure makes a mistake.

It was created by tsunami configure 1.1b43, which was
generated by GNU Autoconf 2.63.  Invocation command line was

  $ ./configure 

## --------- ##
## Platform. ##
## --------- ##

hostname = localhost.localdomain
uname -m = x86_64
uname -r = 2.6.32-358.el6.x86_64
uname -s = Linux
uname -v = #1 SMP Fri Feb 22 00:31:26 UTC 2013

/usr/bin/uname -p = unknown
/bin/uname -X     = unknown

/bin/arch              = x86_64
/usr/bin/arch -k       = unknown
/usr/convex/getsysinfo = unknown
/usr/bin/hostinfo      = unknown
/bin/machine           = unknown
/usr/bin/oslevel       = unknown
/bin/universe          = unknown

PATH: /usr/lib64/qt-3.3/bin
PATH: /usr/local/sbin
PATH: /usr/sbin
PATH: /sbin
PATH: /usr/local/bin
PATH: /usr/bin
PATH: /bin
PATH: /root/bin


## ----------- ##
## Core tests. ##
## ----------- ##

configure:1851: checking for a BSD-compatible install
configure:1919: result: /usr/bin/install -c
configure:1930: checking whether build environment is sane
configure:1990: result: yes
configure:2131: checking for a thread-safe mkdir -p
configure:2170: result: /bin/mkdir -p
configure:2183: checking for gawk
configure:2199: found /usr/bin/gawk
configure:2210: result: gawk
configure:2221: checking whether make sets $(MAKE)
configure:2243: result: yes
configure:2345: checking build system type
configure:2363: result: x86_64-unknown-linux-gnu
configure:2385: checking host system type
configure:2400: result: x86_64-unknown-linux-gnu
configure:2476: checking for gcc
configure:2492: found /usr/bin/gcc
configure:2503: result: gcc
configure:2735: checking for C compiler version
configure:2743: gcc --version >&5
gcc (GCC) 4.4.7 20120313 (Red Hat 4.4.7-4)
Copyright (C) 2010 Free Software Foundation, Inc.
This is free software; see the source for copying conditions.  There is NO
warranty; not even for MERCHANTABILITY or FITNESS FOR A PARTICULAR PURPOSE.

configure:2747: $? = 0
configure:2754: gcc -v >&5
Using built-in specs.
Target: x86_64-redhat-linux
Configured with: ../configure --prefix=/usr --mandir=/usr/share/man --infodir=/usr/share/info --with-bugurl=http://bugzilla.redhat.com/bugzilla --enable-bootstrap --enable-shared --enable-threads=posix --enable-checking=release --with-system-zlib --enable-__cxa_atexit --disable-libunwind-exceptions --enable-gnu-unique-object --enable-languages=c,c++,objc,obj-c++,java,fortran,ada --enable-java-awt=gtk --disable-dssi --with-java-home=/usr/lib/jvm/java-1.5.0-gcj-1.5.0.0/jre --enable-libgcj-multifile --enable-java-maintainer-mode --with-ecj-jar=/usr/share/java/eclipse-ecj.jar --disable-libjava-multilib --with-ppl --with-cloog --with-tune=generic --with-arch_32=i686 --build=x86_64-redhat-linux
Thread model: posix
gcc version 4.4.7 20120313 (Red Hat 4.4.7-4) (GCC) 
configure:2758: $? = 0
configure:2765: gcc -V >&5
gcc: '-V' option must have argument
configure:2769: $? = 1
configure:2792: checking for C compiler default output file name
configure:2814: gcc    conftest.c  >&5
configure:2818: $? = 0
configure:2856: result: a.out
configure:2875: checking whether the C compiler works
configure:2885: ./a.out
configure:2889: $? = 0
configure:2908: result: yes
configure:2915: checking whether we are cross compiling
configure:2917: result: no
configure:2920: checking for suffix of executables
configure:2927: gcc -o conftest    conftest.c  >&5
configure:2931: $? = 0
configure:2957: result: 
configure:2963: checking for suffix of object files
configure:2989: gcc -c   conftest.c >&5
configure:2993: $? = 0
configure:3018: result: o
configure:3022: checking whether we are using the GNU C compiler
configure:3051: gcc -c   conftest.c >&5
configure:3058: $? = 0
configure:3075: result: yes
configure:3084: checking whether gcc accepts -g
configure:3114: gcc -c -g  conftest.c >&5
configure:3121: $? = 0
configure:3222: result: yes
configure:3239: checking for gcc option to accept ISO C89
configure:3313: gcc  -c -g -O2  conftest.c >&5
configure:3320: $? = 0
configure:3343: result: none needed
configure:3372: checking for style of include used by make
configure:3400: result: GNU
configure:3425: checking dependency style of gcc
configure:3535: result: gcc3
configure:3603: checking for ranlib
configure:3619: found /usr/bin/ranlib
configure:3630: result: ranlib
configure:3678: checking for main in -lpthread
configure:3707: gcc -o conftest  -g -Wall -O3 -D_GNU_SOURCE -D_FILE_OFFSET_BITS=64   conftest.c -lpthread   >&5
configure:3714: $? = 0
configure:3735: result: yes
configure:3885: creating ./config.status

## ---------------------- ##
## Running config.status. ##
## ---------------------- ##

This file was extended by tsunami config.status 1.1b43, which was
generated by GNU Autoconf 2.63.  Invocation command line was

  CONFIG_FILES    = 
  CONFIG_HEADERS  = 
  CONFIG_LINKS    = 
  CONFIG_COMMANDS = 
  $ ./config.status 

on localhost.localdomain

config.status:777: creating Makefile
config.status:777: creating tsunami.spec
config.status:777: creating client/Makefile
config.status:777: creating rtclient/Makefile
config.status:777: creating common/Makefile
config.status:777: creating include/Makefile
config.status:777: creating server/Makefile
config.status:777: creating rtserver/Makefile
config.status:777: creating util/Makefile
config.status:777: creating config.h
config.status:999: config.h is unchanged
config.status:1051: executing depfiles commands

## ---------------- ##
## Cache variables. ##
## ---------------- ##

ac_cv_build=x86_64-unknown-linux-gnu
ac_cv_c_compiler_gnu=yes
ac_cv_env_CC_set=
ac_cv_env_CC_value=
ac_cv_env_CFLAGS_set=
ac_cv_env_CFLAGS_value=
ac_cv_env_CPPFLAGS_set=
ac_cv_env_CPPFLAGS_value=
ac_cv_env_LDFLAGS_set=
ac_cv_env_LDFLAGS_value=
ac_cv_env_LIBS_set=
ac_cv_env_LIBS_value=
ac_cv_env_build_alias_set=
ac_cv_env_build_alias_value=
ac_cv_env_host_alias_set=
ac_cv_env_host_alias_value=
ac_cv_env_target_alias_set=
ac_cv_env_target_alias_value=
ac_cv_host=x86_64-unknown-linux-gnu
ac_cv_lib_pthread_main=yes
ac_cv_objext=o
ac_cv_path_install='/usr/bin/install -c'
ac_cv_path_mkdir=/bin/mkdir
ac_cv_prog_AWK=gawk
ac_cv_prog_ac_ct_CC=gcc
ac_cv_prog_ac_ct_RANLIB=ranlib
ac_cv_prog_cc_c89=
ac_cv_prog_cc_g=yes
ac_cv_prog_make_make_set=yes
am_cv_CC_dependencies_compiler_type=gcc3

## ----------------- ##
## Output variables. ##
## ----------------- ##

ACLOCAL='${SHELL} "/root/Desktop/tsunami-udp (4th copy)/missing" --run aclocal-1.11'
AMDEPBACKSLASH='\'
AMDEP_FALSE='#'
AMDEP_TRUE=''
AMTAR='${SHELL} "/root/Desktop/tsunami-udp (4th copy)/missing" --run tar'
AUTOCONF='${SHELL} "/root/Desktop/tsunami-udp (4th copy)/missing" --run autoconf'
AUTOHEADER='${SHELL} "/root/Desktop/tsunami-udp (4th copy)/missing" --run autoheader'
AUTOMAKE='${SHELL} "/root/Desktop/tsunami-udp (4th copy)/missing" --run automake-1.11'
AWK='gawk'
CC='gcc'
CCDEPMODE='depmode=gcc3'
CFLAGS=' -g -Wall -O3 -D_GNU_SOURCE -D_FILE_OFFSET_BITS=64'
CLEANFILES='*~'
CPPFLAGS=''
CYGPATH_W='echo'
DEFS='-DHAVE_CONFIG_H'
DEPDIR='.deps'
ECHO_C=''
ECHO_N='-n'
ECHO_T=''
EXEEXT=''
INSTALL_DATA='${INSTALL} -m 644'
INSTALL_PROGRAM='${INSTALL}'
INSTALL_SCRIPT='${INSTALL}'
INSTALL_STRIP_PROGRAM='$(install_sh) -c -s'
LDFLAGS=''
LIBOBJS=''
LIBS=''
LTLIBOBJS=''
MAKEINFO='${SHELL} "/root/Desktop/tsunami-udp (4th copy)/missing" --run makeinfo'
MKDIR_P='/bin/mkdir -p'
OBJEXT='o'
PACKAGE='tsunami'
PACKAGE_BUGREPORT=''
PACKAGE_NAME='tsunami'
PACKAGE_STRING='tsunami 1.1b43'
PACKAGE_TARNAME='tsunami'
PACKAGE_VERSION='1.1b43'
PATH_SEPARATOR=':'
RANLIB='ranlib'
SET_MAKE=''
SHELL='/bin/sh'
STRIP=''
VERSION='1.1b43'
ac_ct_CC='gcc'
am__EXEEXT_FALSE=''
am__EXEEXT_TRUE='#'
am__fastdepCC_FALSE='#'
am__fastdepCC_TRUE=''
am__include='include'
am__isrc=''
am__leading_dot='.'
am__quote=''
am__tar='${AMTAR} chof - "$$tardir"'
am__untar='${AMTAR} xf -'
bindir='${exec_prefix}/bin'
build='x86_64-unknown-linux-gnu'
build_alias=''
build_cpu='x86_64'
build_os='linux-gnu'
build_vendor='unknown'
datadir='${datarootdir}'
datarootdir='${prefix}/share'
docdir='${datarootdir}/doc/${PACKAGE_TARNAME}'
dvidir='${docdir}'
exec_prefix='${prefix}'
host='x86_64-unknown-linux-gnu'
host_alias=''
host_cpu='x86_64'
host_os='linux-gnu'
host_vendor='unknown'
htmldir='${docdir}'
includedir='${prefix}/include'
infodir='${datarootdir}/info'
install_sh='${SHELL} '\''/root/Desktop/tsunami-udp (4th copy)/install-sh'\'''
libdir='${exec_prefix}/lib'
libexecdir='${exec_prefix}/libexec'
localedir='${datarootdir}/locale'
localstatedir='${prefix}/var'
mandir='${datarootdir}/man'
mkdir_p='/bin/mkdir -p'
oldincludedir='/usr/include'
pdfdir='${docdir}'
prefix='/usr/local'
program_transform_name='s,x,x,'
psdir='${docdir}'
sbindir='${exec_prefix}/sbin'
sharedstatedir='${prefix}/com'
sysconfdir='${prefix}/etc'
target_alias=''
version='1.1b43'

## ----------- ##
## confdefs.h. ##
## ----------- ##

#define PACKAGE_NAME "tsunami"
#define PACKAGE_TARNAME "tsunami"
#define PACKAGE_VERSION "1.1b43"
#define PACKAGE_STRING "tsunami 1.1b43"
#define PACKAGE_BUGREPORT ""
#define PACKAGE "tsunami"
#define VERSION "1.1b43"

configure: exit 0

## ---------------------- ##
## Running config.status. ##
## ---------------------- ##

This file was extended by tsunami config.status 1.1b43, which was
generated by GNU Autoconf 2.63.  Invocation command line was

  CONFIG_FILES    = 
  CONFIG_HEADERS  = 
  CONFIG_LINKS    = 
  CONFIG_COMMANDS = 
  $ ./config.status server/Makefile depfiles

on localhost.localdomain

config.status:777: creating server/Makefile
config.status:1051: executing depfiles commands
